[debug] [2020-12-14T06:40:57.920Z] ----------------------------------------------------------------------
[debug] [2020-12-14T06:40:57.925Z] Command:       C:\Program Files\nodejs\node.exe C:\Users\Muhammad Ismail\AppData\Roaming\npm\node_modules\firebase-tools\lib\bin\firebase.js deploy
[debug] [2020-12-14T06:40:57.926Z] CLI Version:   8.16.2
[debug] [2020-12-14T06:40:57.926Z] Platform:      win32
[debug] [2020-12-14T06:40:57.926Z] Node Version:  v12.18.3
[debug] [2020-12-14T06:40:57.928Z] Time:          Mon Dec 14 2020 11:40:57 GMT+0500 (Pakistan Standard Time)
[debug] [2020-12-14T06:40:57.929Z] ----------------------------------------------------------------------
[debug] [2020-12-14T06:40:57.929Z] 
[debug] [2020-12-14T06:40:57.943Z] > command requires scopes: ["email","openid","https://www.googleapis.com/auth/cloudplatformprojects.readonly","https://www.googleapis.com/auth/firebase","https://www.googleapis.com/auth/cloud-platform"]
[debug] [2020-12-14T06:40:57.944Z] > authorizing via signed-in user
[debug] [2020-12-14T06:40:57.945Z] [iam] checking project netflixcloneismail for permissions ["firebase.projects.get","firebasehosting.sites.update"]
[debug] [2020-12-14T06:40:57.950Z] >>> HTTP REQUEST POST https://cloudresourcemanager.googleapis.com/v1/projects/netflixcloneismail:testIamPermissions  
 {"permissions":["firebase.projects.get","firebasehosting.sites.update"]}
[debug] [2020-12-14T06:40:59.609Z] <<< HTTP RESPONSE 200 {"content-type":"application/json; charset=UTF-8","vary":"X-Origin, Referer, Origin,Accept-Encoding","date":"Mon, 14 Dec 2020 06:40:57 GMT","server":"ESF","cache-control":"private","x-xss-protection":"0","x-frame-options":"SAMEORIGIN","x-content-type-options":"nosniff","server-timing":"gfet4t7; dur=1265","alt-svc":"h3-29=\":443\"; ma=2592000,h3-T051=\":443\"; ma=2592000,h3-Q050=\":443\"; ma=2592000,h3-Q046=\":443\"; ma=2592000,h3-Q043=\":443\"; ma=2592000,quic=\":443\"; ma=2592000; v=\"46,43\"","accept-ranges":"none","transfer-encoding":"chunked"}
[debug] [2020-12-14T06:40:59.612Z] [iam] error while checking permissions, command may fail: FirebaseError: Authorization failed. This account is missing the following required permissions on project netflixcloneismail:

  firebase.projects.get
  firebasehosting.sites.update
[debug] [2020-12-14T06:40:59.615Z] >>> HTTP REQUEST GET https://firebase.googleapis.com/v1beta1/projects/netflixcloneismail  
 
[debug] [2020-12-14T06:41:00.205Z] <<< HTTP RESPONSE 403 {"vary":"X-Origin, Referer, Origin,Accept-Encoding","content-type":"application/json; charset=UTF-8","date":"Mon, 14 Dec 2020 06:40:58 GMT","server":"ESF","cache-control":"private","x-xss-protection":"0","x-frame-options":"SAMEORIGIN","x-content-type-options":"nosniff","alt-svc":"h3-29=\":443\"; ma=2592000,h3-T051=\":443\"; ma=2592000,h3-Q050=\":443\"; ma=2592000,h3-Q046=\":443\"; ma=2592000,h3-Q043=\":443\"; ma=2592000,quic=\":443\"; ma=2592000; v=\"46,43\"","accept-ranges":"none","transfer-encoding":"chunked"}
[debug] [2020-12-14T06:41:00.205Z] <<< HTTP RESPONSE BODY {"error":{"code":403,"message":"The caller does not have permission","status":"PERMISSION_DENIED"}}
[debug] [2020-12-14T06:41:00.208Z] HTTP Error: 403, The caller does not have permission
[debug] [2020-12-14T06:41:00.608Z] FirebaseError: HTTP Error: 403, The caller does not have permission
    at module.exports (C:\Users\Muhammad Ismail\AppData\Roaming\npm\node_modules\firebase-tools\lib\responseToError.js:38:12)
    at Request._callback (C:\Users\Muhammad Ismail\AppData\Roaming\npm\node_modules\firebase-tools\lib\api.js:41:35)
    at Request.self.callback (C:\Users\Muhammad Ismail\AppData\Roaming\npm\node_modules\firebase-tools\node_modules\request\request.js:185:22)
    at Request.emit (events.js:315:20)
    at Request.EventEmitter.emit (domain.js:483:12)
    at Request.<anonymous> (C:\Users\Muhammad Ismail\AppData\Roaming\npm\node_modules\firebase-tools\node_modules\request\request.js:1154:10)
    at Request.emit (events.js:315:20)
    at Request.EventEmitter.emit (domain.js:483:12)
    at IncomingMessage.<anonymous> (C:\Users\Muhammad Ismail\AppData\Roaming\npm\node_modules\firebase-tools\node_modules\request\request.js:1076:12)
    at Object.onceWrapper (events.js:421:28)
    at IncomingMessage.emit (events.js:327:22)
    at IncomingMessage.EventEmitter.emit (domain.js:483:12)
    at endReadableNT (_stream_readable.js:1220:12)
    at processTicksAndRejections (internal/process/task_queues.js:84:21)
[error] 
[error] Error: Failed to get Firebase project netflixcloneismail. Please make sure the project exists and your account has permission to access it.
